|SourceProjectName:Game_User_Experience_Library_v1_1_en.hpr
|DestinationProjectName:Game_User_Experience_Library_v1_1_en.htm
whhost.js
whmsg.js
whmozemu.js
whproxy.js
whstub.js
whutils.js
whver.js
whform.js
whphost.js
whstart.js
whtopic.js
whframes.js
whlang.js
whskin_info.htm
whskin_blank.htm
whskin_pickup.htm
whskin_homepage.htm
whskin_tw.htm
whnjs.htm
whthost.js
whtdhtml.htm
whihost.js
whibody.htm
whiform.htm
whfhost.js
whfbody.htm
whfform.htm
whghost.js
whgbody.htm
whgdhtml.htm
whgdef.htm
whproj.js
whproj.xml
whproj.htm
whxdata\whtoc.xml
whxdata\whidx.xml
whxdata\whfts.xml
whxdata\whglo.xml
whdata\whtoc.js
whdata\whtoc.htm
whdata\whtdata.js
whdata\whidx.js
whdata\whidx.htm
whdata\whidata.js
whdata\whfts.js
whdata\whfts.htm
whdata\whglo.js
whdata\whglo.htm
whdata\whgdata.js
whdata\whftdata.js
whdata\whfwdata.js
whres.xml
WebHelp.jar
WebHelp.cab
whgdata\whnvp30.htm
whgdata\whnvp31.htm
whgdata\whnvp32.htm
whgdata\whnvp33.htm
whgdata\whnvt30.htm
whgdata\whnvt31.htm
whgdata\whnvt32.htm
whgdata\whnvt33.htm
whgdata\whnvf30.htm
whgdata\whnvf31.htm
whgdata\whnvf32.htm
whgdata\whnvf33.htm
whgdata\whnvl31.htm
whgdata\whnvl32.htm
whgdata\whnvl33.htm
whgdata\whexpbar.gif
cshdat_webhelp.htm
whcsh_home.htm
whcshdata.htm
cshdat_robohelp.htm
wht_tab0.gif
wht_tab1.gif
wht_tab2.gif
wht_tab3.gif
wht_tab4.gif
wht_tab5.gif
wht_tab6.gif
wht_tab7.gif
wht_tab8.gif
wht_glo_h.gif
wht_glo_n.gif
wht_fts_h.gif
wht_fts_n.gif
wht_idx_h.gif
wht_idx_n.gif
wht_toc_h.gif
wht_toc_n.gif
wht_ws.gif
wht_ws_g.gif
wht_logo1.gif
wht_logo2.gif
wht_abgw.jpg
wht_abgi.jpg
wht_abge.jpg
wht_abtw.jpg
wht_abte.jpg
wht_abti.jpg
wht_spac.gif
wht_next.gif
wht_next_g.gif
wht_prev.gif
wht_prev_g.gif
wht_sync.gif
wht_hide.gif
wht_go.gif
whstart.ico
whestart.ico
whrstart.ico
whidhtml.htm
whfdhtml.htm
whskin_banner.htm
whtbar.js
fn_logo2_small.jpg
whskin_pdhtml.htm
whskin_papplet.htm
whskin_plist.htm
whskin_tbars.htm
whskin_mbars.htm
wht_toc4.gif
wht_toc1.gif
wht_toc2.gif
wht_toc3.gif
whskin_frmset010.htm
whst_topics.xml
whskin_frmset01.htm
Game_User_Experience_Library_v1_1_en_hha.hhk
Game_User_Experience_Library_v1_1_en.hhc
Game_User_Experience_Library_v1_1_en.hhk
Articles.htm
At_the_core_of_mobile_game_usability_the_pause_menu.htm
Backlight.htm
Bluetooth_connection_menu.htm
Change_history.htm
Checklists.htm
Copyright.htm
End_key.htm
Evaluate_this_resource.htm
Feedback.htm
From_beeps_to_soundscapes___designing_mobile_game_audio.htm
Full_screen_usage_in_S60.htm
Game_design.htm
Game_experience.htm
Game_Experience_Library.htm
Game_main_menu___S60_Java_ME.htm
Game_main_menu___S60_Symbian_C.htm
Give_control_to_the_user.htm
Graphics.htm
Handling_payments.htm
Help.htm
High_score_list.htm
How_to_use_the_Game_User_Experience_Library.htm
Implementation_examples.htm
Implementing_usability.htm
In_game_help.htm
Intro.htm
Introduction.htm
Keys_and_game_controls.htm
Latency_in_multiplayer_games.htm
Links_and_references.htm
List_design.htm
Loading.htm
Login_menu.htm
Main_menu.htm
Main_menu_design.htm
Main_menu_implementation.htm
Make_the_user_comfortable.htm
Match_with_the_real_world.htm
Methods.htm
Mobile_game_usability.htm
Mobile_game_user_experience.htm
Navigation_and_user_experience_in_S60_games.htm
Navigation_diagram__S60.htm
Navigation_keys.htm
Pause.htm
Pause_menu.htm
Post_game.htm
Pre_game.htm
Restart.htm
S60_1st_Edition_Top_10_usability_guidelines_for_Java_ME_games.htm
S60_2nd_Edition_Top_10_usability_guidelines_for_Java_ME_games.htm
S60_2nd_Edition_Top_10_usability_guidelines_for_Symbian_C_games.htm
Save_the_users_time.htm
Selling_the_game_experience.htm
Series_40_platform_top_10_usability_guidelines_for_Java_ME.htm
Sounds.htm
Text.htm
Text_entry.htm
Tips_on_implementing_usability.htm
Top_ten_guidelines.htm
Usability_guidelines.htm
Usability_implementation_process.htm
Well_designed_high_score_lists_in_mobile_games.htm
eHelp.xml
RoboHHRE.lng
Game_User_Experience_Library_v1_1_en.glo
Game_User_Experience_Library_v1_1_en.css
Game_User_Experience_Library_v1_1_en_files\image040.jpg
Game_User_Experience_Library_v1_1_en_files\image062.jpg
Game_User_Experience_Library_v1_1_en_files\image073.jpg
Game_User_Experience_Library_v1_1_en_files\image095.jpg
Game_User_Experience_Library_v1_1_en_files\image140.jpg
Game_User_Experience_Library_v1_1_en_files\image151.jpg
Game_User_Experience_Library_v1_1_en_files\image030.jpg
Game_User_Experience_Library_v1_1_en_files\image052.jpg
Game_User_Experience_Library_v1_1_en_files\image085.jpg
Game_User_Experience_Library_v1_1_en_files\image130.jpg
Game_User_Experience_Library_v1_1_en_files\image141.jpg
Game_User_Experience_Library_v1_1_en_files\image152.jpg
Game_User_Experience_Library_v1_1_en_files\image042.jpg
Game_User_Experience_Library_v1_1_en_files\image050.gif
Game_User_Experience_Library_v1_1_en_files\image075.jpg
Game_User_Experience_Library_v1_1_en_files\image097.jpg
Game_User_Experience_Library_v1_1_en_files\image064.jpg
Game_User_Experience_Library_v1_1_en_files\image142.jpg
Game_User_Experience_Library_v1_1_en_files\image153.jpg
Game_User_Experience_Library_v1_1_en_files\image032.jpg
Game_User_Experience_Library_v1_1_en_files\image054.jpg
Game_User_Experience_Library_v1_1_en_files\image087.jpg
Game_User_Experience_Library_v1_1_en_files\image132.jpg
Game_User_Experience_Library_v1_1_en_files\image065.jpg
Game_User_Experience_Library_v1_1_en_files\image044.jpg
Game_User_Experience_Library_v1_1_en_files\image077.jpg
Game_User_Experience_Library_v1_1_en_files\image099.jpg
Game_User_Experience_Library_v1_1_en_files\image133.jpg
Game_User_Experience_Library_v1_1_en_files\image144.jpg
Game_User_Experience_Library_v1_1_en_files\image034.jpg
Game_User_Experience_Library_v1_1_en_files\image020.gif
Game_User_Experience_Library_v1_1_en_files\image056.jpg
Game_User_Experience_Library_v1_1_en_files\image067.jpg
Game_User_Experience_Library_v1_1_en_files\image089.jpg
Game_User_Experience_Library_v1_1_en_files\image145.jpg
Game_User_Experience_Library_v1_1_en_files\image024.jpg
Game_User_Experience_Library_v1_1_en_files\image046.jpg
Game_User_Experience_Library_v1_1_en_files\image021.gif
Game_User_Experience_Library_v1_1_en_files\image079.jpg
Game_User_Experience_Library_v1_1_en_files\image113.jpg
Game_User_Experience_Library_v1_1_en_files\image135.jpg
Game_User_Experience_Library_v1_1_en_files\image121.gif
Game_User_Experience_Library_v1_1_en_files\image022.gif
Game_User_Experience_Library_v1_1_en_files\image036.jpg
Game_User_Experience_Library_v1_1_en_files\image058.jpg
Game_User_Experience_Library_v1_1_en_files\image069.jpg
Game_User_Experience_Library_v1_1_en_files\image111.gif
Game_User_Experience_Library_v1_1_en_files\image147.jpg
Game_User_Experience_Library_v1_1_en_files\image026.jpg
Game_User_Experience_Library_v1_1_en_files\image115.jpg
Game_User_Experience_Library_v1_1_en_files\image101.gif
Game_User_Experience_Library_v1_1_en_files\image137.jpg
Game_User_Experience_Library_v1_1_en_files\image123.gif
Game_User_Experience_Library_v1_1_en_files\image038.jpg
Game_User_Experience_Library_v1_1_en_files\image016.jpg
Game_User_Experience_Library_v1_1_en_files\image124.gif
Game_User_Experience_Library_v1_1_en_files\image149.jpg
Game_User_Experience_Library_v1_1_en_files\image028.jpg
Game_User_Experience_Library_v1_1_en_files\image103.gif
Game_User_Experience_Library_v1_1_en_files\image117.jpg
Game_User_Experience_Library_v1_1_en_files\image014.gif
Game_User_Experience_Library_v1_1_en_files\image048.gif
Game_User_Experience_Library_v1_1_en_files\image126.gif
Game_User_Experience_Library_v1_1_en_files\image105.gif
Game_User_Experience_Library_v1_1_en_files\image017.gif
Game_User_Experience_Library_v1_1_en_files\image091.jpg
Game_User_Experience_Library_v1_1_en_files\image139.gif
Game_User_Experience_Library_v1_1_en_files\image128.gif
Game_User_Experience_Library_v1_1_en_files\image018.gif
Game_User_Experience_Library_v1_1_en_files\image081.jpg
Game_User_Experience_Library_v1_1_en_files\image107.gif
Game_User_Experience_Library_v1_1_en_files\image019.gif
Game_User_Experience_Library_v1_1_en_files\image060.jpg
Game_User_Experience_Library_v1_1_en_files\image071.jpg
Game_User_Experience_Library_v1_1_en_files\image093.jpg
Game_User_Experience_Library_v1_1_en_files\image119.gif
Game_User_Experience_Library_v1_1_en_files\image083.jpg
Game_User_Experience_Library_v1_1_en_files\image109.gif
Game_User_Experience_Library_v1_1_en_files\image150.jpg
ehlpdhtm.js
Game_User_Experience_Library_v1_1_en.ppf
Game_User_Experience_Library_v1_1_en_ns.css
whxdata\whtdata0.xml
whxdata\whftdata0.xml
whxdata\whfwdata0.xml
whxdata\whfwdata1.xml
whxdata\whfwdata2.xml
whxdata\whfwdata3.xml
whxdata\whfwdata4.xml
whxdata\whfwdata5.xml
whxdata\whfwdata6.xml
whxdata\whfwdata7.xml
whxdata\whfwdata8.xml
whxdata\whfwdata9.xml
whdata\whtdata0.htm
whdata\whftdata0.htm
whdata\whfwdata0.htm
whdata\whfwdata1.htm
whdata\whfwdata2.htm
whdata\whfwdata3.htm
whdata\whfwdata4.htm
whdata\whfwdata5.htm
whdata\whfwdata6.htm
whdata\whfwdata7.htm
whdata\whfwdata8.htm
whdata\whfwdata9.htm
whgdata\whlstt0.htm
whgdata\whlstt1.htm
whgdata\whlstt2.htm
whgdata\whlstt3.htm
whgdata\whlstt4.htm
whgdata\whlstt5.htm
whgdata\whlstt6.htm
whgdata\whlstt7.htm
whgdata\whlstt8.htm
whgdata\whlsti0.htm
whgdata\whlstfl0.htm
whgdata\whlstfl1.htm
whgdata\whlstfl2.htm
whgdata\whlstfl3.htm
whgdata\whlstfl4.htm
whgdata\whlstfl5.htm
whgdata\whlstfl6.htm
whgdata\whlstfl7.htm
whgdata\whlstfl8.htm
whgdata\whlstfl9.htm
whgdata\whlstfl10.htm
whgdata\whlstfl11.htm
whgdata\whlstfl12.htm
whgdata\whlstfl13.htm
whgdata\whlstfl14.htm
whgdata\whlstfl15.htm
whgdata\whlstfl16.htm
whgdata\whlstfl17.htm
whgdata\whlstfl18.htm
whgdata\whlstfl19.htm
whgdata\whlstfl20.htm
whgdata\whlstfl21.htm
whgdata\whlstfl22.htm
whgdata\whlstfl23.htm
whgdata\whlstfl24.htm
whgdata\whlstf0.htm
whgdata\whlstf1.htm
whgdata\whlstf2.htm
whgdata\whlstf3.htm
whgdata\whlstf4.htm
whgdata\whlstf5.htm
whgdata\whlstf6.htm
whgdata\whlstf7.htm
whgdata\whlstf8.htm
whgdata\whlstf9.htm
whgdata\whlstf10.htm
whgdata\whlstf11.htm
whgdata\whlstf12.htm
whgdata\whlstf13.htm
whgdata\whlstf14.htm
whgdata\whlstf15.htm
whgdata\whlstf16.htm
whgdata\whlstf17.htm
whgdata\whlstf18.htm
whgdata\whlstf19.htm
whgdata\whlstf20.htm
whgdata\whlstf21.htm
whgdata\whlstf22.htm
whgdata\whlstg0.htm
Game_User_Experience_Library_v1_1_en.htm
Game_User_Experience_Library_v1_1_en_csh.htm
Game_User_Experience_Library_v1_1_en_rhc.htm
