Line 26: Class MSMask.MaskEdBox of control txtDesc was not a loaded control class.
Line 604: Class MSComctlLib.ListView of control BOOKLIST was not a loaded control class.
Line 712: Class MSAdodcLib.Adodc of control Adodc1 was not a loaded control class.
Line 32: The property name _ExtentX in txtDesc is invalid.
Line 33: The property name _ExtentY in txtDesc is invalid.
Line 34: The property name _Version in txtDesc is invalid.
Line 35: The property name Format in txtDesc is invalid.
Line 36: The property name PromptChar in txtDesc is invalid.
Line 610: The property name _ExtentX in BOOKLIST is invalid.
Line 611: The property name _ExtentY in BOOKLIST is invalid.
Line 612: The property name SortKey in BOOKLIST is invalid.
Line 613: The property name View in BOOKLIST is invalid.
Line 614: The property name Arrange in BOOKLIST is invalid.
Line 615: The property name LabelEdit in BOOKLIST is invalid.
Line 616: The property name Sorted in BOOKLIST is invalid.
Line 617: The property name LabelWrap in BOOKLIST is invalid.
Line 618: The property name HideSelection in BOOKLIST is invalid.
Line 619: The property name FullRowSelect in BOOKLIST is invalid.
Line 620: The property name GridLines in BOOKLIST is invalid.
Line 621: The property name HoverSelection in BOOKLIST is invalid.
Line 622: The property name TextBackground in BOOKLIST is invalid.
Line 623: The property name _Version in BOOKLIST is invalid.
Line 639: The property name NumItems in BOOKLIST is invalid.
Line 643: The property name ColumnHeader(1) in BOOKLIST is invalid.
Line 649: The property name ColumnHeader(2) in BOOKLIST is invalid.
Line 654: The property name ColumnHeader(3) in BOOKLIST is invalid.
Line 659: The property name ColumnHeader(4) in BOOKLIST is invalid.
Line 604: Property MouseIcon in BOOKLIST could not be set.
Line 717: The property name _ExtentX in Adodc1 is invalid.
Line 718: The property name _ExtentY in Adodc1 is invalid.
Line 719: The property name ConnectMode in Adodc1 is invalid.
Line 720: The property name CursorLocation in Adodc1 is invalid.
Line 721: The property name IsolationLevel in Adodc1 is invalid.
Line 722: The property name ConnectionTimeout in Adodc1 is invalid.
Line 723: The property name CommandTimeout in Adodc1 is invalid.
Line 724: The property name CursorType in Adodc1 is invalid.
Line 725: The property name LockType in Adodc1 is invalid.
Line 726: The property name CommandType in Adodc1 is invalid.
Line 727: The property name CursorOptions in Adodc1 is invalid.
Line 728: The property name CacheSize in Adodc1 is invalid.
Line 729: The property name MaxRecords in Adodc1 is invalid.
Line 730: The property name BOFAction in Adodc1 is invalid.
Line 731: The property name EOFAction in Adodc1 is invalid.
Line 732: The property name ConnectStringType in Adodc1 is invalid.
Line 736: The property name Orientation in Adodc1 is invalid.
Line 738: The property name Connect in Adodc1 is invalid.
Line 739: The property name OLEDBString in Adodc1 is invalid.
Line 740: The property name OLEDBFile in Adodc1 is invalid.
Line 741: The property name DataSourceName in Adodc1 is invalid.
Line 742: The property name OtherAttributes in Adodc1 is invalid.
Line 743: The property name UserName in Adodc1 is invalid.
Line 744: The property name Password in Adodc1 is invalid.
Line 745: The property name RecordSource in Adodc1 is invalid.
Line 746: The property name Caption in Adodc1 is invalid.
Line 756: The property name _Version in Adodc1 is invalid.
