Line 80: Class MSAdodcLib.Adodc of control Adodc1 was not a loaded control class.
Line 86: The property name _ExtentX in Adodc1 is invalid.
Line 87: The property name _ExtentY in Adodc1 is invalid.
Line 88: The property name ConnectMode in Adodc1 is invalid.
Line 89: The property name CursorLocation in Adodc1 is invalid.
Line 90: The property name IsolationLevel in Adodc1 is invalid.
Line 91: The property name ConnectionTimeout in Adodc1 is invalid.
Line 92: The property name CommandTimeout in Adodc1 is invalid.
Line 93: The property name CursorType in Adodc1 is invalid.
Line 94: The property name LockType in Adodc1 is invalid.
Line 95: The property name CommandType in Adodc1 is invalid.
Line 96: The property name CursorOptions in Adodc1 is invalid.
Line 97: The property name CacheSize in Adodc1 is invalid.
Line 98: The property name MaxRecords in Adodc1 is invalid.
Line 99: The property name BOFAction in Adodc1 is invalid.
Line 100: The property name EOFAction in Adodc1 is invalid.
Line 101: The property name ConnectStringType in Adodc1 is invalid.
Line 105: The property name Orientation in Adodc1 is invalid.
Line 107: The property name Connect in Adodc1 is invalid.
Line 108: The property name OLEDBString in Adodc1 is invalid.
Line 109: The property name OLEDBFile in Adodc1 is invalid.
Line 110: The property name DataSourceName in Adodc1 is invalid.
Line 111: The property name OtherAttributes in Adodc1 is invalid.
Line 112: The property name UserName in Adodc1 is invalid.
Line 113: The property name Password in Adodc1 is invalid.
Line 114: The property name RecordSource in Adodc1 is invalid.
Line 115: The property name Caption in Adodc1 is invalid.
Line 125: The property name _Version in Adodc1 is invalid.
