Line 15: Class MSComctlLib.ListView of control UserLoginList was not a loaded control class.
Line 85: Class MSAdodcLib.Adodc of control Adodc1 was not a loaded control class.
Line 21: The property name _ExtentX in UserLoginList is invalid.
Line 22: The property name _ExtentY in UserLoginList is invalid.
Line 23: The property name View in UserLoginList is invalid.
Line 24: The property name Arrange in UserLoginList is invalid.
Line 25: The property name LabelEdit in UserLoginList is invalid.
Line 26: The property name LabelWrap in UserLoginList is invalid.
Line 27: The property name HideSelection in UserLoginList is invalid.
Line 28: The property name FullRowSelect in UserLoginList is invalid.
Line 29: The property name GridLines in UserLoginList is invalid.
Line 30: The property name HoverSelection in UserLoginList is invalid.
Line 31: The property name TextBackground in UserLoginList is invalid.
Line 32: The property name _Version in UserLoginList is invalid.
Line 48: The property name NumItems in UserLoginList is invalid.
Line 52: The property name ColumnHeader(1) in UserLoginList is invalid.
Line 58: The property name ColumnHeader(2) in UserLoginList is invalid.
Line 63: The property name ColumnHeader(3) in UserLoginList is invalid.
Line 68: The property name ColumnHeader(4) in UserLoginList is invalid.
Line 73: The property name ColumnHeader(5) in UserLoginList is invalid.
Line 78: The property name ColumnHeader(6) in UserLoginList is invalid.
Line 83: The property name ColumnHeader(7) in UserLoginList is invalid.
Line 15: Property MouseIcon in UserLoginList could not be set.
Line 91: The property name _ExtentX in Adodc1 is invalid.
Line 92: The property name _ExtentY in Adodc1 is invalid.
Line 93: The property name ConnectMode in Adodc1 is invalid.
Line 94: The property name CursorLocation in Adodc1 is invalid.
Line 95: The property name IsolationLevel in Adodc1 is invalid.
Line 96: The property name ConnectionTimeout in Adodc1 is invalid.
Line 97: The property name CommandTimeout in Adodc1 is invalid.
Line 98: The property name CursorType in Adodc1 is invalid.
Line 99: The property name LockType in Adodc1 is invalid.
Line 100: The property name CommandType in Adodc1 is invalid.
Line 101: The property name CursorOptions in Adodc1 is invalid.
Line 102: The property name CacheSize in Adodc1 is invalid.
Line 103: The property name MaxRecords in Adodc1 is invalid.
Line 104: The property name BOFAction in Adodc1 is invalid.
Line 105: The property name EOFAction in Adodc1 is invalid.
Line 106: The property name ConnectStringType in Adodc1 is invalid.
Line 110: The property name Orientation in Adodc1 is invalid.
Line 112: The property name Connect in Adodc1 is invalid.
Line 113: The property name OLEDBString in Adodc1 is invalid.
Line 114: The property name OLEDBFile in Adodc1 is invalid.
Line 115: The property name DataSourceName in Adodc1 is invalid.
Line 116: The property name OtherAttributes in Adodc1 is invalid.
Line 117: The property name UserName in Adodc1 is invalid.
Line 118: The property name Password in Adodc1 is invalid.
Line 119: The property name RecordSource in Adodc1 is invalid.
Line 120: The property name Caption in Adodc1 is invalid.
Line 130: The property name _Version in Adodc1 is invalid.
Line 21: The property name _ExtentX in UserLoginList is invalid.
Line 22: The property name _ExtentY in UserLoginList is invalid.
Line 23: The property name View in UserLoginList is invalid.
Line 24: The property name Arrange in UserLoginList is invalid.
Line 25: The property name LabelEdit in UserLoginList is invalid.
Line 26: The property name LabelWrap in UserLoginList is invalid.
Line 27: The property name HideSelection in UserLoginList is invalid.
Line 28: The property name FullRowSelect in UserLoginList is invalid.
Line 29: The property name GridLines in UserLoginList is invalid.
Line 30: The property name HoverSelection in UserLoginList is invalid.
Line 31: The property name TextBackground in UserLoginList is invalid.
Line 32: The property name _Version in UserLoginList is invalid.
Line 48: The property name NumItems in UserLoginList is invalid.
Line 52: The property name ColumnHeader(1) in UserLoginList is invalid.
Line 58: The property name ColumnHeader(2) in UserLoginList is invalid.
Line 63: The property name ColumnHeader(3) in UserLoginList is invalid.
Line 68: The property name ColumnHeader(4) in UserLoginList is invalid.
Line 73: The property name ColumnHeader(5) in UserLoginList is invalid.
Line 78: The property name ColumnHeader(6) in UserLoginList is invalid.
Line 83: The property name ColumnHeader(7) in UserLoginList is invalid.
Line 15: Property MouseIcon in UserLoginList could not be set.
Line 91: The property name _ExtentX in Adodc1 is invalid.
Line 92: The property name _ExtentY in Adodc1 is invalid.
Line 93: The property name ConnectMode in Adodc1 is invalid.
Line 94: The property name CursorLocation in Adodc1 is invalid.
Line 95: The property name IsolationLevel in Adodc1 is invalid.
Line 96: The property name ConnectionTimeout in Adodc1 is invalid.
Line 97: The property name CommandTimeout in Adodc1 is invalid.
Line 98: The property name CursorType in Adodc1 is invalid.
Line 99: The property name LockType in Adodc1 is invalid.
Line 100: The property name CommandType in Adodc1 is invalid.
Line 101: The property name CursorOptions in Adodc1 is invalid.
Line 102: The property name CacheSize in Adodc1 is invalid.
Line 103: The property name MaxRecords in Adodc1 is invalid.
Line 104: The property name BOFAction in Adodc1 is invalid.
Line 105: The property name EOFAction in Adodc1 is invalid.
Line 106: The property name ConnectStringType in Adodc1 is invalid.
Line 110: The property name Orientation in Adodc1 is invalid.
Line 112: The property name Connect in Adodc1 is invalid.
Line 113: The property name OLEDBString in Adodc1 is invalid.
Line 114: The property name OLEDBFile in Adodc1 is invalid.
Line 115: The property name DataSourceName in Adodc1 is invalid.
Line 116: The property name OtherAttributes in Adodc1 is invalid.
Line 117: The property name UserName in Adodc1 is invalid.
Line 118: The property name Password in Adodc1 is invalid.
Line 119: The property name RecordSource in Adodc1 is invalid.
Line 120: The property name Caption in Adodc1 is invalid.
Line 130: The property name _Version in Adodc1 is invalid.
